<?xml version="1.0" encoding="UTF-8"?>
<!-- Generated by org.testng.reporters.JUnitXMLReporter -->
<testsuite ignored="0" hostname="DESKTOP-PNM8KQP" failures="1" tests="1" name="Test" time="64.799" errors="0" timestamp="2022-01-03T19:17:13 IST">
  <testcase classname="com.Yatra.base.BaseClass" name="@AfterMethod tearDown" time="0.0">
    <failure type="java.lang.NullPointerException" message="Cannot invoke &amp;quot;org.openqa.selenium.WebDriver.close()&amp;quot; because &amp;quot;this.driver&amp;quot; is null">
      <![CDATA[java.lang.NullPointerException: Cannot invoke "org.openqa.selenium.WebDriver.close()" because "this.driver" is null
at com.Yatra.base.BaseClass.tearDown(BaseClass.java:28)
at java.base/java.util.ArrayList.forEach(ArrayList.java:1511)
... Removed 32 stack frames]]>
    </failure>
  </testcase> <!-- @AfterMethod tearDown -->
  <testcase classname="com.Yatra.testcases.HomePageTest" name="VerifyUrl" time="0.019">
    <failure type="java.lang.NullPointerException" message="Cannot invoke &amp;quot;com.Yatra.pages.HomePage.search()&amp;quot; because &amp;quot;this.homePage&amp;quot; is null">
      <![CDATA[java.lang.NullPointerException: Cannot invoke "com.Yatra.pages.HomePage.search()" because "this.homePage" is null
at com.Yatra.testcases.HomePageTest.VerifyUrl(HomePageTest.java:15)
at java.base/java.util.ArrayList.forEach(ArrayList.java:1511)
... Removed 27 stack frames]]>
    </failure>
  </testcase> <!-- VerifyUrl -->
</testsuite> <!-- Test -->
