<?xml version="1.0" encoding="UTF-8"?>
<!-- Generated by org.testng.reporters.JUnitXMLReporter -->
<testsuite ignored="3" hostname="DESKTOP-PNM8KQP" failures="0" tests="3" name="Default test" time="218.718" errors="0" timestamp="2022-01-17T14:32:50 IST">
  <testcase classname="com.yatra.testcases.IndexPageTest" name="searchBtnTest" time="35.502"/>
  <testcase classname="com.yatra.testcases.IndexPageTest" name="verifyLogo" time="4.361"/>
  <testcase classname="com.yatra.testcases.IndexPageTest" name="verifyTitle" time="0.013"/>
  <testcase classname="com.yatra.base.BaseClass" name="@BeforeTest loadConfig" time="0.0">
    <ignored/>
  </testcase> <!-- @BeforeTest loadConfig -->
  <testcase classname="com.yatra.base.BaseClass" name="@BeforeTest loadConfig" time="0.0">
    <ignored/>
  </testcase> <!-- @BeforeTest loadConfig -->
  <testcase classname="com.yatra.base.BaseClass" name="@BeforeTest loadConfig" time="0.0">
    <ignored/>
  </testcase> <!-- @BeforeTest loadConfig -->
</testsuite> <!-- Default test -->
